2020-06-18 15:03:03.440 [main]DEBUGcom.sc.dao.ShopDao.inserShop-==>  Preparing: insert into tb_shop(owner_id,area_id,shopCategory.shop_category_id,shop_name,shop_desc, shop_addr,phone,shop_img,priority,create_time,last_edit_time,enable_status,advice) values (?,??,?, ?,?,?,?,?,?, ?,?,?) 
]2020-06-18 15:09:08.322 [main]DEBUGcom.sc.dao.ShopDao.inserShop-==>  Preparing: insert into tb_shop(owner_id,area_id,shopCategory.shop_category_id,shop_name,shop_desc, shop_addr,phone,shop_img,priority,create_time,last_edit_time,enable_status,advice) values (?,??,?, ?,?,?,?,?,?, ?,?,?) 
]2020-06-18 15:09:54.940 [main]DEBUGcom.sc.dao.ShopDao.inserShop-==>  Preparing: insert into tb_shop(owner_id,area_id,shopCategory.shop_category_id,shop_name,shop_desc, shop_addr,phone,shop_img,priority,create_time,last_edit_time,enable_status,advice) values (?,??,?, ?,?,?,?,?,?, ?,?,?) 
]2020-06-18 15:16:00.552 [main]DEBUGcom.sc.dao.ShopDao.inserShop-==>  Preparing: insert into tb_shop(owner_id,area_id,shopCategory.shop_category_id,shop_name,shop_desc, shop_addr,phone,shop_img,priority,create_time,last_edit_time,enable_status,advice) values (?,??,?, ?,?,?,?,?,?, ?,?,?) 
]2020-06-18 15:16:43.716 [main]DEBUGcom.sc.dao.ShopDao.inserShop-==>  Preparing: insert into tb_shop(owner_id,area_id,shopCategory.shop_category_id,shop_name,shop_desc, shop_addr,phone,shop_img,priority,create_time,last_edit_time,enable_status,advice) values (?,??,?, ?,?,?,?,?,?, ?,?,?) 
]2020-06-18 15:20:38.324 [main]DEBUGcom.sc.dao.ShopDao.inserShop-==>  Preparing: insert into tb_shop(owner_id,area_id,shopCategory.shop_category_id,shop_name,shop_desc, shop_addr,phone,shop_img,priority,create_time,last_edit_time,enable_status,advice) values (?,??,?, ?,?,?,?,?,?, ?,?,?) 
]2020-06-18 15:22:50.330 [main]DEBUGcom.sc.dao.ShopDao.inserShop-==>  Preparing: insert into tb_shop(owner_id,area_id,shopCategory.shop_category_id,shop_name,shop_desc, shop_addr,phone,shop_img,priority,create_time,last_edit_time,enable_status,advice) values (?,??,?, ?,?,?,?,?,?, ?,?,?) 
]2020-06-18 15:28:04.517 [main]DEBUGcom.sc.dao.ShopDao.inserShop-==>  Preparing: INSERT INTO tb_shop(owner_id,area_id,shop_category_id,parent_category_id, shop_name,shop_desc,shop_addr,phone,shop_img, longitude,latitude,create_time,last_edit_time, enable_status,advice) VALUES (?,?,?,?, ?,?,?,?,?, ?,?,?,?, ?,?) 
]2020-06-18 15:28:04.561 [main]DEBUGcom.sc.dao.ShopDao.inserShop-==> Parameters: 8(Long), 3(Long), 9(Long), null, 测试的店铺(String), test(String), test(String), test(String), test(String), null, null, 2020-06-18 15:28:03.622(Timestamp), null, 1(Integer), 审核中(String)
]2020-06-18 16:49:54.174 [main]DEBUGcom.sc.dao.ShopDao.inserShop-==>  Preparing: insert into tb_shop(owner_id,area_id,shop_category_id,shop_name,shop_desc, shop_addr,phone,shop_img,priority,create_time,last_edit_time,enable_status,advice) values (?,??,?, ?,?,?,?,?,?, ?,?,?) 
]2020-06-18 16:49:54.270 [main]DEBUGcom.sc.dao.ShopDao.inserShop-==> Parameters: 1(Long), 2(Long), 1(Long), 测试的店铺(String), test(String), test(String), test(String), test(String), null, 2020-06-18 16:49:53.238(Timestamp), null, 1(Integer), 审核中(String)
]2020-06-18 17:10:59.612 [main]DEBUGcom.sc.dao.ShopDao.inserShop-==>  Preparing: insert into tb_shop(owner_id,area_id,shop_category_id,shop_name,shop_desc, shop_addr,phone,shop_img,priority,create_time,last_edit_time,enable_status,advice) values (?,??,?, ?,?,?,?,?,?, ?,?,?) 
]2020-06-18 17:10:59.646 [main]DEBUGcom.sc.dao.ShopDao.inserShop-==> Parameters: 1(Long), 1(Long), 1(Long), 测试的店铺(String), test(String), test(String), test(String), test(String), null, 2020-06-18 17:10:58.835(Timestamp), null, 1(Integer), 审核中(String)
]2020-06-18 17:17:37.502 [main]DEBUGcom.sc.dao.ShopDao.inserShop-==>  Preparing: insert into tb_shop(owner_id,area_id,shop_category_id,shop_name,shop_desc, shop_addr,phone,shop_img,priority,create_time,last_edit_time,enable_status,advice) values (?,??,?, ?,?,?,?,?,?, ?,?,?) 
]2020-06-18 17:17:37.602 [main]DEBUGcom.sc.dao.ShopDao.inserShop-==> Parameters: 1(Long), 1(Long), 1(Long), 测试的店铺(String), test(String), test(String), test(String), test(String), null, 2020-06-18 17:17:36.773(Timestamp), null, 1(Integer), 审核中(String)
<<<<<<< HEAD
]2020-06-18 17:27:07.126 [main]DEBUGcom.sc.dao.ShopDao.inserShop-==>  Preparing: insert into tb_shop(shop_id,owner_id,area_id,shop_category_id,shop_name,shop_desc, shop_addr,phone,shop_img,priority,create_time,last_edit_time,enable_status,advice) values (??,??,?, ?,?,?,?,?,?, ?,?,?) 
]2020-06-18 17:27:07.211 [main]DEBUGcom.sc.dao.ShopDao.inserShop-==> Parameters: 3(Long), 1(Long), 1(Long), 1(Long), 测试的店铺(String), test(String), test(String), test(String), test(String), null, 2020-06-18 17:27:06.28(Timestamp), null, 1(Integer), 审核中(String)
]2020-06-18 17:28:20.098 [main]DEBUGcom.sc.dao.ShopDao.inserShop-==>  Preparing: insert into tb_shop(owner_id,area_id,shop_category_id,shop_name,shop_desc, shop_addr,phone,shop_img,priority,create_time,last_edit_time,enable_status,advice) values (?,??,?, ?,?,?,?,?,?, ?,?,?) 
]2020-06-18 17:28:20.200 [main]DEBUGcom.sc.dao.ShopDao.inserShop-==> Parameters: 1(Long), 1(Long), 1(Long), 测试的店铺(String), test(String), test(String), test(String), test(String), null, 2020-06-18 17:28:19.228(Timestamp), 2020-06-18 17:28:19.228(Timestamp), 1(Integer), 审核中(String)
=======
]2020-06-18 22:08:18.778 [main]DEBUGcom.sc.dao.AreaDao.queryArea-==>  Preparing: select area_id,area_name,priority,create_time,last_edit_time from tb_area order by priority desc 
]2020-06-18 22:08:18.823 [main]DEBUGcom.sc.dao.AreaDao.queryArea-==> Parameters: 
]2020-06-18 22:08:18.846 [main]DEBUGcom.sc.dao.AreaDao.queryArea-<==      Total: 4
]2020-06-18 22:08:38.149 [main]DEBUGcom.sc.dao.AreaDao.queryArea-==>  Preparing: select area_id,area_name,priority,create_time,last_edit_time from tb_area order by priority desc 
]2020-06-18 22:08:38.185 [main]DEBUGcom.sc.dao.AreaDao.queryArea-==> Parameters: 
]2020-06-18 22:08:38.208 [main]DEBUGcom.sc.dao.AreaDao.queryArea-<==      Total: 4
]2020-06-18 22:09:14.734 [main]DEBUGcom.sc.dao.ShopDao.inserShop-==>  Preparing: insert into tb_shop(owner_id,area_id,shop_category_id,shop_name,shop_desc, shop_addr,phone,shop_img,priority,create_time,last_edit_time,enable_status,advice) values (?,??,?, ?,?,?,?,?,?, ?,?,?) 
]2020-06-18 22:09:14.880 [main]DEBUGcom.sc.dao.ShopDao.inserShop-==> Parameters: 1(Long), 1(Long), 1(Long), 测试的店铺(String), test(String), test(String), test(String), test(String), null, 2020-06-18 22:09:14.134(Timestamp), null, 1(Integer), 审核中(String)
]2020-06-18 22:11:52.060 [main]DEBUGcom.sc.dao.ShopDao.inserShop-==>  Preparing: insert into tb_shop(owner_id,area_id,shop_category_id,shop_name,shop_desc, shop_addr,phone,shop_img,priority,create_time,last_edit_time,enable_status,advice) values (?,??,?, ?,?,?,?,?,?, ?,?,?) 
]2020-06-18 22:11:52.106 [main]DEBUGcom.sc.dao.ShopDao.inserShop-==> Parameters: 1(Long), 1(Long), 1(Long), 测试的店铺(String), test(String), test(String), test(String), test(String), null, 2020-06-18 22:11:51.486(Timestamp), 2020-06-18 22:11:51.486(Timestamp), 1(Integer), 审核中(String)
]2020-06-18 22:22:22.190 [main]DEBUGcom.sc.dao.ShopDao.inserShop-==>  Preparing: insert into tb_shop(owner_id,area_id,shop_category_id,shop_name,shop_desc, shop_addr,phone,shop_img,priority,create_time,last_edit_time,enable_status,advice) values (?,??,?, ?,?,?,?,?,?, ?,?,?) 
]2020-06-18 22:22:22.234 [main]DEBUGcom.sc.dao.ShopDao.inserShop-==> Parameters: 1(Long), 1(Long), 1(Long), 测试的店铺(String), test(String), test(String), test(String), test(String), 3(Integer), 2020-06-18 22:22:21.54(Timestamp), 2020-06-18 22:22:21.54(Timestamp), 1(Integer), 审核中(String)
]2020-06-18 22:25:27.957 [main]DEBUGcom.sc.dao.ShopDao.inserShop-==>  Preparing: insert into tb_shop(owner_id,area_id,shop_category_id,shop_name,shop_desc, shop_addr,phone,shop_img,priority,create_time,last_edit_time,enable_status,advice) values (?,??,?, ?,?,?,?,?,?, ?,?,?) 
]2020-06-18 22:25:28.008 [main]DEBUGcom.sc.dao.ShopDao.inserShop-==> Parameters: 1(Long), 1(Integer), 1(Long), 测试的店铺(String), test(String), test(String), test(String), test(String), 3(Integer), 2020-06-18 22:25:27.36(Timestamp), 2020-06-18 22:25:27.36(Timestamp), 1(Integer), 审核中(String)
]2020-06-18 22:28:48.068 [main]DEBUGcom.sc.dao.ShopDao.inserShop-==>  Preparing: insert into tb_shop(owner_id,area_id,shop_category_id,shop_name,shop_desc, shop_addr,phone,shop_img,priority,enable_status,advice) values (?,??,?, ?,?,?,?,?,?,?) 
]2020-06-18 22:28:48.114 [main]DEBUGcom.sc.dao.ShopDao.inserShop-==> Parameters: 1(Long), 1(Integer), 1(Long), 测试的店铺(String), test(String), test(String), test(String), test(String), 3(Integer), 1(Integer), 审核中(String)
]2020-06-18 22:39:46.503 [main]DEBUGcom.sc.dao.ShopDao.inserShop-==>  Preparing: insert into tb_shop(owner_id,area_id,shop_category_id,shop_name,shop_desc, shop_addr,phone,shop_img,priority,enable_status,advice) values (?,?,?,?, ?,?,?,?,?,?,?) 
]2020-06-18 22:39:46.548 [main]DEBUGcom.sc.dao.ShopDao.inserShop-==> Parameters: 1(Long), 1(Integer), 1(Long), 测试的店铺(String), test(String), test(String), test(String), test(String), 3(Integer), 1(Integer), 审核中(String)
]2020-06-18 22:39:46.602 [main]DEBUGcom.sc.dao.ShopDao.inserShop-<==    Updates: 1
>>>>>>> branch 'master' of git@github.com:fangjin568/fangxm.git
]2020-06-19 08:34:32.726 [main]DEBUGcom.sc.dao.ShopDao.insertShop-==>  Preparing: insert into tb_shop(owner_id,area_id,shop_category_id,shop_name,shop_desc, shop_addr,phone,shop_img,priority,enable_status,advice) values (?,?,?,?, ?,?,?,?,?,?,?) 
]2020-06-19 08:34:32.802 [main]DEBUGcom.sc.dao.ShopDao.insertShop-==> Parameters: 1(Long), 1(Integer), 1(Long), 测试的店铺(String), test(String), test(String), test(String), test(String), 3(Integer), 1(Integer), 审核中(String)
]2020-06-19 08:34:33.708 [main]DEBUGcom.sc.dao.ShopDao.insertShop-<==    Updates: 1
]2020-06-19 08:59:58.247 [main]DEBUGcom.sc.dao.ShopDao.updateShop-==>  Preparing: update tb_shop SET shop_desc=?, shop_addr=? where shop_id=? 
]2020-06-19 08:59:58.300 [main]DEBUGcom.sc.dao.ShopDao.updateShop-==> Parameters: 测试描述(String), 测试地址(String), 1(Long)
]2020-06-19 08:59:58.445 [main]DEBUGcom.sc.dao.ShopDao.updateShop-<==    Updates: 1
]2020-06-19 08:59:58.449 [main]DEBUGcom.sc.dao.ShopDao.insertShop-==>  Preparing: insert into tb_shop(owner_id,area_id,shop_category_id,shop_name,shop_desc, shop_addr,phone,shop_img,priority,enable_status,advice) values (?,?,?,?, ?,?,?,?,?,?,?) 
]2020-06-19 08:59:58.452 [main]DEBUGcom.sc.dao.ShopDao.insertShop-==> Parameters: 1(Long), 1(Integer), 1(Long), 测试的店铺(String), test(String), test(String), test(String), test(String), 3(Integer), 1(Integer), 审核中(String)
]2020-06-19 08:59:58.577 [main]DEBUGcom.sc.dao.ShopDao.insertShop-<==    Updates: 1
]2020-06-19 09:00:50.214 [main]DEBUGcom.sc.dao.ShopDao.updateShop-==>  Preparing: update tb_shop SET shop_desc=?, shop_addr=?, last_edit_time=? where shop_id=? 
]2020-06-19 09:00:50.295 [main]DEBUGcom.sc.dao.ShopDao.updateShop-==> Parameters: 测试描述(String), 测试地址(String), 2020-06-19 09:00:49.385(Timestamp), 1(Long)
]2020-06-19 09:00:50.554 [main]DEBUGcom.sc.dao.ShopDao.updateShop-<==    Updates: 1
]2020-06-19 13:10:46.268 [main]DEBUGcom.sc.dao.ShopDao.insertShop-==>  Preparing: insert into tb_shop(owner_id,area_id,shop_category_id,shop_name,shop_desc, shop_addr,phone,shop_img,priority,enable_status,advice) values (?,?,?,?, ?,?,?,?,?,?,?) 
]2020-06-19 13:10:46.337 [main]DEBUGcom.sc.dao.ShopDao.insertShop-==> Parameters: 1(Long), 1(Integer), 1(Long), 测试的店铺1(String), test1(String), test1(String), test1(String), null, null, 0(Integer), 审核中(String)
]2020-06-19 13:10:46.353 [main]DEBUGcom.sc.dao.ShopDao.insertShop-<==    Updates: 1
]2020-06-19 13:10:46.470 [main]DEBUGcom.sc.dao.ShopDao.updateShop-==>  Preparing: update tb_shop SET shop_name=?, shop_desc=?, shop_addr=?, phone=?, shop_img=?, last_edit_time=?, enable_status=?, advice=?, shop_category_id=?, area_id=? where shop_id=? 
]2020-06-19 13:10:46.472 [main]DEBUGcom.sc.dao.ShopDao.updateShop-==> Parameters: 测试的店铺1(String), test1(String), test1(String), test1(String), \upload\item\shop\5\2020061913104680340.jgp(String), 2020-06-19 13:10:46.24(Timestamp), 0(Integer), 审核中(String), 1(Long), 1(Integer), 5(Long)
]2020-06-19 13:10:46.492 [main]DEBUGcom.sc.dao.ShopDao.updateShop-<==    Updates: 1
]2020-06-19 13:16:11.541 [main]DEBUGcom.sc.dao.ShopDao.insertShop-==>  Preparing: insert into tb_shop(owner_id,area_id,shop_category_id,shop_name,shop_desc, shop_addr,phone,shop_img,priority,enable_status,advice) values (?,?,?,?, ?,?,?,?,?,?,?) 
]2020-06-19 13:16:11.577 [main]DEBUGcom.sc.dao.ShopDao.insertShop-==> Parameters: 1(Long), 1(Integer), 1(Long), 测试的店铺1(String), test1(String), test1(String), test1(String), null, null, 0(Integer), 审核中(String)
]2020-06-19 13:16:11.588 [main]DEBUGcom.sc.dao.ShopDao.insertShop-<==    Updates: 1
]2020-06-19 13:16:11.708 [main]DEBUGcom.sc.dao.ShopDao.updateShop-==>  Preparing: update tb_shop SET shop_name=?, shop_desc=?, shop_addr=?, phone=?, shop_img=?, last_edit_time=?, enable_status=?, advice=?, shop_category_id=?, area_id=? where shop_id=? 
]2020-06-19 13:16:11.710 [main]DEBUGcom.sc.dao.ShopDao.updateShop-==> Parameters: 测试的店铺1(String), test1(String), test1(String), test1(String), \upload\item\shop\6\2020061913161172087.jgp(String), 2020-06-19 13:16:11.469(Timestamp), 0(Integer), 审核中(String), 1(Long), 1(Integer), 6(Long)
]2020-06-19 13:16:11.721 [main]DEBUGcom.sc.dao.ShopDao.updateShop-<==    Updates: 1
]2020-06-19 13:17:06.196 [main]DEBUGcom.sc.dao.ShopDao.insertShop-==>  Preparing: insert into tb_shop(owner_id,area_id,shop_category_id,shop_name,shop_desc, shop_addr,phone,shop_img,priority,enable_status,advice) values (?,?,?,?, ?,?,?,?,?,?,?) 
]2020-06-19 13:17:06.239 [main]DEBUGcom.sc.dao.ShopDao.insertShop-==> Parameters: 1(Long), 1(Integer), 1(Long), 测试的店铺1(String), test1(String), test1(String), test1(String), null, null, 0(Integer), 审核中(String)
]2020-06-19 13:17:06.262 [main]DEBUGcom.sc.dao.ShopDao.insertShop-<==    Updates: 1
]2020-06-19 13:17:06.415 [main]DEBUGcom.sc.dao.ShopDao.updateShop-==>  Preparing: update tb_shop SET shop_name=?, shop_desc=?, shop_addr=?, phone=?, shop_img=?, last_edit_time=?, enable_status=?, advice=?, shop_category_id=?, area_id=? where shop_id=? 
]2020-06-19 13:17:06.420 [main]DEBUGcom.sc.dao.ShopDao.updateShop-==> Parameters: 测试的店铺1(String), test1(String), test1(String), test1(String), \upload\item\shop\7\2020061913170684362.jpg(String), 2020-06-19 13:17:06.14(Timestamp), 0(Integer), 审核中(String), 1(Long), 1(Integer), 7(Long)
]2020-06-19 13:17:06.434 [main]DEBUGcom.sc.dao.ShopDao.updateShop-<==    Updates: 1
]2020-06-19 13:28:53.663 [main]DEBUGcom.sc.dao.ShopDao.insertShop-==>  Preparing: insert into tb_shop(owner_id,area_id,shop_category_id,shop_name,shop_desc, shop_addr,phone,shop_img,priority,enable_status,advice) values (?,?,?,?, ?,?,?,?,?,?,?) 
]2020-06-19 13:28:53.702 [main]DEBUGcom.sc.dao.ShopDao.insertShop-==> Parameters: 1(Long), 1(Integer), 1(Long), 测试的店铺2(String), test1(String), test1(String), test1(String), null, null, 0(Integer), 审核中(String)
]2020-06-19 13:28:53.719 [main]DEBUGcom.sc.dao.ShopDao.insertShop-<==    Updates: 1
]2020-06-19 13:30:18.006 [main]DEBUGcom.sc.dao.ShopDao.insertShop-==>  Preparing: insert into tb_shop(owner_id,area_id,shop_category_id,shop_name,shop_desc, shop_addr,phone,shop_img,priority,enable_status,advice) values (?,?,?,?, ?,?,?,?,?,?,?) 
]2020-06-19 13:30:18.043 [main]DEBUGcom.sc.dao.ShopDao.insertShop-==> Parameters: 1(Long), 1(Integer), 1(Long), 测试的店铺2(String), test1(String), test1(String), test1(String), null, null, 0(Integer), 审核中(String)
]2020-06-19 13:30:18.062 [main]DEBUGcom.sc.dao.ShopDao.insertShop-<==    Updates: 1
]